D:\git\webgl\canvas\canvasWebgl\app.js
D:\git\webgl\canvas\canvasWebgl\canvas\canvasAdapter_Native.js
D:\git\webgl\canvas\canvasWebgl\lighttool\canvas.js
D:\git\webgl\canvas\canvasWebgl\lighttool\resmgr.js
D:\git\webgl\canvas\canvasWebgl\lighttool\spritebatcher.js
D:\git\webgl\canvas\canvasWebgl\app.js
D:\git\webgl\canvas\canvasWebgl\canvas\canvasAdapter_Native.js
D:\git\webgl\canvas\canvasWebgl\lighttool\canvas.js
D:\git\webgl\canvas\canvasWebgl\lighttool\resmgr.js
D:\git\webgl\canvas\canvasWebgl\lighttool\spritebatcher.js
D:\git\webgl\canvas\canvasWebgl\app.js
D:\git\webgl\canvas\canvasWebgl\canvas\canvasAdapter_Native.js
D:\git\webgl\canvas\canvasWebgl\lighttool\canvas.js
D:\git\webgl\canvas\canvasWebgl\lighttool\resmgr.js
D:\git\webgl\canvas\canvasWebgl\lighttool\spritebatcher.js
D:\git\webgl\canvas\canvasWebgl\app.js
D:\git\webgl\canvas\canvasWebgl\canvas\canvasAdapter_Native.js
D:\git\webgl\canvas\canvasWebgl\lighttool\canvas.js
D:\git\webgl\canvas\canvasWebgl\lighttool\resmgr.js
D:\git\webgl\canvas\canvasWebgl\lighttool\spritebatcher.js
D:\git\webgl\canvas\canvasWebgl\app.js
D:\git\webgl\canvas\canvasWebgl\canvas\canvasAdapter_Native.js
D:\git\webgl\canvas\canvasWebgl\lighttool\canvas.js
D:\git\webgl\canvas\canvasWebgl\lighttool\resmgr.js
D:\git\webgl\canvas\canvasWebgl\lighttool\spritebatcher.js
D:\git\webgl\canvas\canvasWebgl\app.js
D:\git\webgl\canvas\canvasWebgl\canvas\canvasAdapter_Native.js
D:\git\webgl\canvas\canvasWebgl\lighttool\canvas.js
D:\git\webgl\canvas\canvasWebgl\lighttool\resmgr.js
D:\git\webgl\canvas\canvasWebgl\lighttool\spritebatcher.js
D:\git\webgl\canvas\canvasWebgl\app.js
D:\git\webgl\canvas\canvasWebgl\canvas\canvasAdapter_Native.js
D:\git\webgl\canvas\canvasWebgl\lighttool\canvas.js
D:\git\webgl\canvas\canvasWebgl\lighttool\resmgr.js
D:\git\webgl\canvas\canvasWebgl\lighttool\spritebatcher.js
D:\git\webgl\canvas\canvasWebgl\app.js
D:\git\webgl\canvas\canvasWebgl\canvas\canvasAdapter_Native.js
D:\git\webgl\canvas\canvasWebgl\lighttool\canvas.js
D:\git\webgl\canvas\canvasWebgl\lighttool\resmgr.js
D:\git\webgl\canvas\canvasWebgl\lighttool\spritebatcher.js
D:\git\webgl\canvas\canvasWebgl\app.js
D:\git\webgl\canvas\canvasWebgl\canvas\canvasAdapter_Native.js
D:\git\webgl\canvas\canvasWebgl\lighttool\canvas.js
D:\git\webgl\canvas\canvasWebgl\lighttool\resmgr.js
D:\git\webgl\canvas\canvasWebgl\lighttool\spritebatcher.js
D:\git\webgl\canvas\canvasWebgl\app.js
D:\git\webgl\canvas\canvasWebgl\canvas\canvasAdapter_Native.js
D:\git\webgl\canvas\canvasWebgl\lighttool\canvas.js
D:\git\webgl\canvas\canvasWebgl\lighttool\resmgr.js
D:\git\webgl\canvas\canvasWebgl\lighttool\spritebatcher.js
D:\git\webgl\canvas\canvasWebgl\app.js
D:\git\webgl\canvas\canvasWebgl\canvas\canvasAdapter_Native.js
D:\git\webgl\canvas\canvasWebgl\lighttool\canvas.js
D:\git\webgl\canvas\canvasWebgl\lighttool\resmgr.js
D:\git\webgl\canvas\canvasWebgl\lighttool\spritebatcher.js
D:\git\webgl\canvas\canvasWebgl\app.js
D:\git\webgl\canvas\canvasWebgl\canvas\canvasAdapter_Native.js
D:\git\webgl\canvas\canvasWebgl\lighttool\canvas.js
D:\git\webgl\canvas\canvasWebgl\lighttool\resmgr.js
D:\git\webgl\canvas\canvasWebgl\lighttool\spritebatcher.js
D:\git\webgl\canvas\canvasWebgl\app.js
D:\git\webgl\canvas\canvasWebgl\canvas\canvasAdapter_Native.js
D:\git\webgl\canvas\canvasWebgl\lighttool\canvas.js
D:\git\webgl\canvas\canvasWebgl\lighttool\resmgr.js
D:\git\webgl\canvas\canvasWebgl\lighttool\spritebatcher.js
D:\git\webgl\canvas\canvasWebgl\app.js
D:\git\webgl\canvas\canvasWebgl\canvas\canvasAdapter_Native.js
D:\git\webgl\canvas\canvasWebgl\lighttool\canvas.js
D:\git\webgl\canvas\canvasWebgl\lighttool\resmgr.js
D:\git\webgl\canvas\canvasWebgl\lighttool\spritebatcher.js
D:\git\webgl\canvas\canvasWebgl\app.js
D:\git\webgl\canvas\canvasWebgl\canvas\canvasAdapter_Native.js
D:\git\webgl\canvas\canvasWebgl\lighttool\canvas.js
D:\git\webgl\canvas\canvasWebgl\lighttool\resmgr.js
D:\git\webgl\canvas\canvasWebgl\lighttool\spritebatcher.js
D:\git\webgl\canvas\canvasWebgl\app.js
D:\git\webgl\canvas\canvasWebgl\canvas\canvasAdapter_Native.js
D:\git\webgl\canvas\canvasWebgl\lighttool\canvas.js
D:\git\webgl\canvas\canvasWebgl\lighttool\resmgr.js
D:\git\webgl\canvas\canvasWebgl\lighttool\spritebatcher.js
D:\git\webgl\canvas\canvasWebgl\app.js
D:\git\webgl\canvas\canvasWebgl\canvas\canvasAdapter_Native.js
D:\git\webgl\canvas\canvasWebgl\lighttool\canvas.js
D:\git\webgl\canvas\canvasWebgl\lighttool\resmgr.js
D:\git\webgl\canvas\canvasWebgl\lighttool\spritebatcher.js
D:\git\webgl\canvas\canvasWebgl\app.js
D:\git\webgl\canvas\canvasWebgl\canvas\canvasAdapter_Native.js
D:\git\webgl\canvas\canvasWebgl\lighttool\canvas.js
D:\git\webgl\canvas\canvasWebgl\lighttool\resmgr.js
D:\git\webgl\canvas\canvasWebgl\lighttool\spritebatcher.js
D:\git\webgl\canvas\canvasWebgl\app.js
D:\git\webgl\canvas\canvasWebgl\canvas\canvasAdapter_Native.js
D:\git\webgl\canvas\canvasWebgl\lighttool\canvas.js
D:\git\webgl\canvas\canvasWebgl\lighttool\resmgr.js
D:\git\webgl\canvas\canvasWebgl\lighttool\spritebatcher.js
D:\git\webgl\canvas\canvasWebgl\app.js
D:\git\webgl\canvas\canvasWebgl\canvas\canvasAdapter_Native.js
D:\git\webgl\canvas\canvasWebgl\lighttool\canvas.js
D:\git\webgl\canvas\canvasWebgl\lighttool\resmgr.js
D:\git\webgl\canvas\canvasWebgl\lighttool\spritebatcher.js
D:\git\webgl\canvas\canvasWebgl\app.js
D:\git\webgl\canvas\canvasWebgl\canvas\canvasAdapter_Native.js
D:\git\webgl\canvas\canvasWebgl\lighttool\canvas.js
D:\git\webgl\canvas\canvasWebgl\lighttool\resmgr.js
D:\git\webgl\canvas\canvasWebgl\lighttool\spritebatcher.js
D:\git\webgl\canvas\canvasWebgl\app.js
D:\git\webgl\canvas\canvasWebgl\canvas\canvasAdapter_Native.js
D:\git\webgl\canvas\canvasWebgl\lighttool\canvas.js
D:\git\webgl\canvas\canvasWebgl\lighttool\resmgr.js
D:\git\webgl\canvas\canvasWebgl\lighttool\spritebatcher.js
D:\git\webgl\canvas\canvasWebgl\app.js
D:\git\webgl\canvas\canvasWebgl\canvas\canvasAdapter_Native.js
D:\git\webgl\canvas\canvasWebgl\lighttool\canvas.js
D:\git\webgl\canvas\canvasWebgl\lighttool\resmgr.js
D:\git\webgl\canvas\canvasWebgl\lighttool\spritebatcher.js
D:\git\webgl\canvas\canvasWebgl\app.js
D:\git\webgl\canvas\canvasWebgl\canvas\canvasAdapter_Native.js
D:\git\webgl\canvas\canvasWebgl\lighttool\canvas.js
D:\git\webgl\canvas\canvasWebgl\lighttool\resmgr.js
D:\git\webgl\canvas\canvasWebgl\lighttool\spritebatcher.js
D:\git\webgl\canvas\canvasWebgl\app.js
D:\git\webgl\canvas\canvasWebgl\canvas\canvasAdapter_Native.js
D:\git\webgl\canvas\canvasWebgl\lighttool\canvas.js
D:\git\webgl\canvas\canvasWebgl\lighttool\resmgr.js
D:\git\webgl\canvas\canvasWebgl\lighttool\spritebatcher.js
D:\git\webgl\canvas\canvasWebgl\app.js
D:\git\webgl\canvas\canvasWebgl\canvas\canvasAdapter_Native.js
D:\git\webgl\canvas\canvasWebgl\lighttool\canvas.js
D:\git\webgl\canvas\canvasWebgl\lighttool\resmgr.js
D:\git\webgl\canvas\canvasWebgl\lighttool\spritebatcher.js
D:\git\webgl\canvas\canvasWebgl\app.js
D:\git\webgl\canvas\canvasWebgl\canvas\canvasAdapter_Native.js
D:\git\webgl\canvas\canvasWebgl\lighttool\canvas.js
D:\git\webgl\canvas\canvasWebgl\lighttool\resmgr.js
D:\git\webgl\canvas\canvasWebgl\lighttool\spritebatcher.js
D:\git\webgl\canvas\canvasWebgl\app.js
D:\git\webgl\canvas\canvasWebgl\canvas\canvasAdapter_Native.js
D:\git\webgl\canvas\canvasWebgl\lighttool\canvas.js
D:\git\webgl\canvas\canvasWebgl\lighttool\resmgr.js
D:\git\webgl\canvas\canvasWebgl\lighttool\spritebatcher.js
D:\git\webgl\canvas\canvasWebgl\app.js
D:\git\webgl\canvas\canvasWebgl\canvas\canvasAdapter_Native.js
D:\git\webgl\canvas\canvasWebgl\lighttool\canvas.js
D:\git\webgl\canvas\canvasWebgl\lighttool\resmgr.js
D:\git\webgl\canvas\canvasWebgl\lighttool\spritebatcher.js
D:\git\webgl\canvas\canvasWebgl\app.js
D:\git\webgl\canvas\canvasWebgl\canvas\canvasAdapter_Native.js
D:\git\webgl\canvas\canvasWebgl\lighttool\canvas.js
D:\git\webgl\canvas\canvasWebgl\lighttool\resmgr.js
D:\git\webgl\canvas\canvasWebgl\lighttool\spritebatcher.js
D:\git\webgl\canvas\canvasWebgl\app.js
D:\git\webgl\canvas\canvasWebgl\canvas\canvasAdapter_Native.js
D:\git\webgl\canvas\canvasWebgl\lighttool\canvas.js
D:\git\webgl\canvas\canvasWebgl\lighttool\resmgr.js
D:\git\webgl\canvas\canvasWebgl\lighttool\spritebatcher.js
D:\git\webgl\canvas\canvasWebgl\app.js
D:\git\webgl\canvas\canvasWebgl\canvas\canvasAdapter_Native.js
D:\git\webgl\canvas\canvasWebgl\lighttool\canvas.js
D:\git\webgl\canvas\canvasWebgl\lighttool\resmgr.js
D:\git\webgl\canvas\canvasWebgl\lighttool\spritebatcher.js
D:\git\webgl\canvas\canvasWebgl\app.js
D:\git\webgl\canvas\canvasWebgl\canvas\canvasAdapter_Native.js
D:\git\webgl\canvas\canvasWebgl\lighttool\canvas.js
D:\git\webgl\canvas\canvasWebgl\lighttool\resmgr.js
D:\git\webgl\canvas\canvasWebgl\lighttool\spritebatcher.js
D:\git\webgl\canvas\canvasWebgl\app.js
D:\git\webgl\canvas\canvasWebgl\canvas\canvasAdapter_Native.js
D:\git\webgl\canvas\canvasWebgl\lighttool\canvas.js
D:\git\webgl\canvas\canvasWebgl\lighttool\resmgr.js
D:\git\webgl\canvas\canvasWebgl\lighttool\spritebatcher.js
D:\git\webgl\canvas\canvasWebgl\app.js
D:\git\webgl\canvas\canvasWebgl\canvas\canvasAdapter_Native.js
D:\git\webgl\canvas\canvasWebgl\lighttool\canvas.js
D:\git\webgl\canvas\canvasWebgl\lighttool\resmgr.js
D:\git\webgl\canvas\canvasWebgl\lighttool\spritebatcher.js
D:\git\webgl\canvas\canvasWebgl\app.js
D:\git\webgl\canvas\canvasWebgl\canvas\canvasAdapter_Native.js
D:\git\webgl\canvas\canvasWebgl\lighttool\canvas.js
D:\git\webgl\canvas\canvasWebgl\lighttool\resmgr.js
D:\git\webgl\canvas\canvasWebgl\lighttool\spritebatcher.js
D:\git\webgl\canvas\canvasWebgl\app.js
D:\git\webgl\canvas\canvasWebgl\canvas\canvasAdapter_Native.js
D:\git\webgl\canvas\canvasWebgl\lighttool\canvas.js
D:\git\webgl\canvas\canvasWebgl\lighttool\resmgr.js
D:\git\webgl\canvas\canvasWebgl\lighttool\spritebatcher.js
D:\git\webgl\canvas\canvasWebgl\app.js
D:\git\webgl\canvas\canvasWebgl\canvas\canvasAdapter_Native.js
D:\git\webgl\canvas\canvasWebgl\lighttool\canvas.js
D:\git\webgl\canvas\canvasWebgl\lighttool\resmgr.js
D:\git\webgl\canvas\canvasWebgl\lighttool\spritebatcher.js
D:\git\webgl\canvas\canvasWebgl\app.js
D:\git\webgl\canvas\canvasWebgl\canvas\canvasAdapter_Native.js
D:\git\webgl\canvas\canvasWebgl\lighttool\canvas.js
D:\git\webgl\canvas\canvasWebgl\lighttool\resmgr.js
D:\git\webgl\canvas\canvasWebgl\lighttool\spritebatcher.js
D:\git\webgl\canvas\canvasWebgl\app.js
D:\git\webgl\canvas\canvasWebgl\canvas\canvasAdapter_Native.js
D:\git\webgl\canvas\canvasWebgl\lighttool\canvas.js
D:\git\webgl\canvas\canvasWebgl\lighttool\resmgr.js
D:\git\webgl\canvas\canvasWebgl\lighttool\spritebatcher.js
D:\git\webgl\canvas\canvasWebgl\app.js
D:\git\webgl\canvas\canvasWebgl\canvas\canvasAdapter_Native.js
D:\git\webgl\canvas\canvasWebgl\lighttool\canvas.js
D:\git\webgl\canvas\canvasWebgl\lighttool\resmgr.js
D:\git\webgl\canvas\canvasWebgl\lighttool\spritebatcher.js
D:\git\webgl\canvas\canvasWebgl\app.js
D:\git\webgl\canvas\canvasWebgl\canvas\canvasAdapter_Native.js
D:\git\webgl\canvas\canvasWebgl\lighttool\canvas.js
D:\git\webgl\canvas\canvasWebgl\lighttool\resmgr.js
D:\git\webgl\canvas\canvasWebgl\lighttool\spritebatcher.js
D:\git\webgl\canvas\canvasWebgl\app.js
D:\git\webgl\canvas\canvasWebgl\canvas\canvasAdapter_Native.js
D:\git\webgl\canvas\canvasWebgl\lighttool\canvas.js
D:\git\webgl\canvas\canvasWebgl\lighttool\resmgr.js
D:\git\webgl\canvas\canvasWebgl\lighttool\spritebatcher.js
D:\git\webgl\canvas\canvasWebgl\app.js
D:\git\webgl\canvas\canvasWebgl\canvas\canvasAdapter_Native.js
D:\git\webgl\canvas\canvasWebgl\lighttool\canvas.js
D:\git\webgl\canvas\canvasWebgl\lighttool\resmgr.js
D:\git\webgl\canvas\canvasWebgl\lighttool\spritebatcher.js
D:\git\webgl\canvas\canvasWebgl\app.js
D:\git\webgl\canvas\canvasWebgl\canvas\canvasAdapter_Native.js
D:\git\webgl\canvas\canvasWebgl\lighttool\canvas.js
D:\git\webgl\canvas\canvasWebgl\lighttool\resmgr.js
D:\git\webgl\canvas\canvasWebgl\lighttool\spritebatcher.js
D:\git\webgl\canvas\canvasWebgl\app.js
D:\git\webgl\canvas\canvasWebgl\canvas\canvasAdapter_Native.js
D:\git\webgl\canvas\canvasWebgl\lighttool\canvas.js
D:\git\webgl\canvas\canvasWebgl\lighttool\resmgr.js
D:\git\webgl\canvas\canvasWebgl\lighttool\spritebatcher.js
D:\git\webgl\canvas\canvasWebgl\app.js
D:\git\webgl\canvas\canvasWebgl\canvas\canvasAdapter_Native.js
D:\git\webgl\canvas\canvasWebgl\lighttool\canvas.js
D:\git\webgl\canvas\canvasWebgl\lighttool\resmgr.js
D:\git\webgl\canvas\canvasWebgl\lighttool\spritebatcher.js
D:\git\webgl\canvas\canvasWebgl\app.js
D:\git\webgl\canvas\canvasWebgl\canvas\canvasAdapter_Native.js
D:\git\webgl\canvas\canvasWebgl\lighttool\canvas.js
D:\git\webgl\canvas\canvasWebgl\lighttool\resmgr.js
D:\git\webgl\canvas\canvasWebgl\lighttool\spritebatcher.js
D:\git\webgl\canvas\canvasWebgl\app.js
D:\git\webgl\canvas\canvasWebgl\canvas\canvasAdapter_Native.js
D:\git\webgl\canvas\canvasWebgl\lighttool\canvas.js
D:\git\webgl\canvas\canvasWebgl\lighttool\resmgr.js
D:\git\webgl\canvas\canvasWebgl\lighttool\spritebatcher.js
D:\git\webgl\canvas\canvasWebgl\app.js
D:\git\webgl\canvas\canvasWebgl\canvas\canvasAdapter_Native.js
D:\git\webgl\canvas\canvasWebgl\lighttool\canvas.js
D:\git\webgl\canvas\canvasWebgl\lighttool\resmgr.js
D:\git\webgl\canvas\canvasWebgl\lighttool\spritebatcher.js
D:\git\webgl\canvas\canvasWebgl\app.js
D:\git\webgl\canvas\canvasWebgl\canvas\canvasAdapter_Native.js
D:\git\webgl\canvas\canvasWebgl\lighttool\canvas.js
D:\git\webgl\canvas\canvasWebgl\lighttool\resmgr.js
D:\git\webgl\canvas\canvasWebgl\lighttool\spritebatcher.js
D:\git\webgl\canvas\canvasWebgl\app.js
D:\git\webgl\canvas\canvasWebgl\canvas\canvasAdapter_Native.js
D:\git\webgl\canvas\canvasWebgl\lighttool\canvas.js
D:\git\webgl\canvas\canvasWebgl\lighttool\resmgr.js
D:\git\webgl\canvas\canvasWebgl\lighttool\spritebatcher.js
D:\git\webgl\canvas\canvasWebgl\app.js
D:\git\webgl\canvas\canvasWebgl\canvas\canvasAdapter_Native.js
D:\git\webgl\canvas\canvasWebgl\lighttool\canvas.js
D:\git\webgl\canvas\canvasWebgl\lighttool\resmgr.js
D:\git\webgl\canvas\canvasWebgl\lighttool\spritebatcher.js
D:\git\webgl\canvas\canvasWebgl\app.js
D:\git\webgl\canvas\canvasWebgl\canvas\canvasAdapter_Native.js
D:\git\webgl\canvas\canvasWebgl\lighttool\canvas.js
D:\git\webgl\canvas\canvasWebgl\lighttool\resmgr.js
D:\git\webgl\canvas\canvasWebgl\lighttool\spritebatcher.js
D:\git\webgl\canvas\canvasWebgl\app.js
D:\git\webgl\canvas\canvasWebgl\canvas\canvasAdapter_Native.js
D:\git\webgl\canvas\canvasWebgl\lighttool\canvas.js
D:\git\webgl\canvas\canvasWebgl\lighttool\resmgr.js
D:\git\webgl\canvas\canvasWebgl\lighttool\spritebatcher.js
D:\git\webgl\canvas\canvasWebgl\app.js
D:\git\webgl\canvas\canvasWebgl\canvas\canvasAdapter_Native.js
D:\git\webgl\canvas\canvasWebgl\lighttool\canvas.js
D:\git\webgl\canvas\canvasWebgl\lighttool\resmgr.js
D:\git\webgl\canvas\canvasWebgl\lighttool\spritebatcher.js
D:\git\webgl\canvas\canvasWebgl\app.js
D:\git\webgl\canvas\canvasWebgl\canvas\canvasAdapter_Native.js
D:\git\webgl\canvas\canvasWebgl\lighttool\canvas.js
D:\git\webgl\canvas\canvasWebgl\lighttool\resmgr.js
D:\git\webgl\canvas\canvasWebgl\lighttool\spritebatcher.js
D:\git\webgl\canvas\canvasWebgl\app.js
D:\git\webgl\canvas\canvasWebgl\canvas\canvasAdapter_Native.js
D:\git\webgl\canvas\canvasWebgl\lighttool\canvas.js
D:\git\webgl\canvas\canvasWebgl\lighttool\resmgr.js
D:\git\webgl\canvas\canvasWebgl\lighttool\spritebatcher.js
D:\git\webgl\canvas\canvasWebgl\app.js
D:\git\webgl\canvas\canvasWebgl\canvas\canvasAdapter_Native.js
D:\git\webgl\canvas\canvasWebgl\lighttool\canvas.js
D:\git\webgl\canvas\canvasWebgl\lighttool\resmgr.js
D:\git\webgl\canvas\canvasWebgl\lighttool\spritebatcher.js
D:\git\webgl\canvas\canvasWebgl\app.js
D:\git\webgl\canvas\canvasWebgl\canvas\canvasAdapter_Native.js
D:\git\webgl\canvas\canvasWebgl\lighttool\canvas.js
D:\git\webgl\canvas\canvasWebgl\lighttool\resmgr.js
D:\git\webgl\canvas\canvasWebgl\lighttool\spritebatcher.js
D:\git\webgl\canvas\canvasWebgl\app.js
D:\git\webgl\canvas\canvasWebgl\canvas\canvasAdapter_Native.js
D:\git\webgl\canvas\canvasWebgl\lighttool\canvas.js
D:\git\webgl\canvas\canvasWebgl\lighttool\resmgr.js
D:\git\webgl\canvas\canvasWebgl\lighttool\spritebatcher.js
D:\git\webgl\canvas\canvasWebgl\app.js
D:\git\webgl\canvas\canvasWebgl\canvas\canvasAdapter_Native.js
D:\git\webgl\canvas\canvasWebgl\lighttool\canvas.js
D:\git\webgl\canvas\canvasWebgl\lighttool\resmgr.js
D:\git\webgl\canvas\canvasWebgl\lighttool\spritebatcher.js
D:\git\webgl\canvas\canvasWebgl\app.js
D:\git\webgl\canvas\canvasWebgl\canvas\canvasAdapter_Native.js
D:\git\webgl\canvas\canvasWebgl\lighttool\canvas.js
D:\git\webgl\canvas\canvasWebgl\lighttool\resmgr.js
D:\git\webgl\canvas\canvasWebgl\lighttool\spritebatcher.js
D:\git\webgl\canvas\canvasWebgl\app.js
D:\git\webgl\canvas\canvasWebgl\canvas\canvasAdapter_Native.js
D:\git\webgl\canvas\canvasWebgl\lighttool\canvas.js
D:\git\webgl\canvas\canvasWebgl\lighttool\resmgr.js
D:\git\webgl\canvas\canvasWebgl\lighttool\spritebatcher.js
D:\git\webgl\canvas\canvasWebgl\app.js
D:\git\webgl\canvas\canvasWebgl\canvas\canvasAdapter_Native.js
D:\git\webgl\canvas\canvasWebgl\lighttool\canvas.js
D:\git\webgl\canvas\canvasWebgl\lighttool\resmgr.js
D:\git\webgl\canvas\canvasWebgl\lighttool\spritebatcher.js
D:\git\webgl\canvas\canvasWebgl\app.js
D:\git\webgl\canvas\canvasWebgl\canvas\canvasAdapter_Native.js
D:\git\webgl\canvas\canvasWebgl\lighttool\canvas.js
D:\git\webgl\canvas\canvasWebgl\lighttool\resmgr.js
D:\git\webgl\canvas\canvasWebgl\lighttool\spritebatcher.js
D:\git\webgl\canvas\canvasWebgl\app.js
D:\git\webgl\canvas\canvasWebgl\canvas\canvasAdapter_Native.js
D:\git\webgl\canvas\canvasWebgl\lighttool\canvas.js
D:\git\webgl\canvas\canvasWebgl\lighttool\resmgr.js
D:\git\webgl\canvas\canvasWebgl\lighttool\spritebatcher.js
D:\git\webgl\canvas\canvasWebgl\app.js
D:\git\webgl\canvas\canvasWebgl\canvas\canvasAdapter_Native.js
D:\git\webgl\canvas\canvasWebgl\lighttool\canvas.js
D:\git\webgl\canvas\canvasWebgl\lighttool\resmgr.js
D:\git\webgl\canvas\canvasWebgl\lighttool\spritebatcher.js
D:\git\webgl\canvas\canvasWebgl\app.js
D:\git\webgl\canvas\canvasWebgl\canvas\canvasAdapter_Native.js
D:\git\webgl\canvas\canvasWebgl\lighttool\canvas.js
D:\git\webgl\canvas\canvasWebgl\lighttool\resmgr.js
D:\git\webgl\canvas\canvasWebgl\lighttool\spritebatcher.js
D:\git\webgl\canvas\canvasWebgl\app.js
D:\git\webgl\canvas\canvasWebgl\canvas\canvasAdapter_Native.js
D:\git\webgl\canvas\canvasWebgl\lighttool\canvas.js
D:\git\webgl\canvas\canvasWebgl\lighttool\resmgr.js
D:\git\webgl\canvas\canvasWebgl\lighttool\spritebatcher.js
D:\git\webgl\canvas\canvasWebgl\app.js
D:\git\webgl\canvas\canvasWebgl\canvas\canvasAdapter_Native.js
D:\git\webgl\canvas\canvasWebgl\lighttool\canvas.js
D:\git\webgl\canvas\canvasWebgl\lighttool\resmgr.js
D:\git\webgl\canvas\canvasWebgl\lighttool\spritebatcher.js
D:\git\webgl\canvas\canvasWebgl\app.js
D:\git\webgl\canvas\canvasWebgl\canvas\canvasAdapter_Native.js
D:\git\webgl\canvas\canvasWebgl\lighttool\canvas.js
D:\git\webgl\canvas\canvasWebgl\lighttool\resmgr.js
D:\git\webgl\canvas\canvasWebgl\lighttool\spritebatcher.js
D:\git\webgl\canvas\canvasWebgl\app.js
D:\git\webgl\canvas\canvasWebgl\canvas\canvasAdapter_Native.js
D:\git\webgl\canvas\canvasWebgl\lighttool\canvas.js
D:\git\webgl\canvas\canvasWebgl\lighttool\resmgr.js
D:\git\webgl\canvas\canvasWebgl\lighttool\spritebatcher.js
D:\git\webgl\canvas\canvasWebgl\app.js
D:\git\webgl\canvas\canvasWebgl\canvas\canvasAdapter_Native.js
D:\git\webgl\canvas\canvasWebgl\lighttool\canvas.js
D:\git\webgl\canvas\canvasWebgl\lighttool\resmgr.js
D:\git\webgl\canvas\canvasWebgl\lighttool\spritebatcher.js
D:\git\webgl\canvas\canvasWebgl\app.js
D:\git\webgl\canvas\canvasWebgl\canvas\canvasAdapter_Native.js
D:\git\webgl\canvas\canvasWebgl\lighttool\canvas.js
D:\git\webgl\canvas\canvasWebgl\lighttool\resmgr.js
D:\git\webgl\canvas\canvasWebgl\lighttool\spritebatcher.js
D:\git\webgl\canvas\canvasWebgl\app.js
D:\git\webgl\canvas\canvasWebgl\canvas\canvasAdapter_Native.js
D:\git\webgl\canvas\canvasWebgl\lighttool\canvas.js
D:\git\webgl\canvas\canvasWebgl\lighttool\resmgr.js
D:\git\webgl\canvas\canvasWebgl\lighttool\spritebatcher.js
D:\git\webgl\canvas\canvasWebgl\app.js
D:\git\webgl\canvas\canvasWebgl\canvas\canvasAdapter_Native.js
D:\git\webgl\canvas\canvasWebgl\lighttool\canvas.js
D:\git\webgl\canvas\canvasWebgl\lighttool\resmgr.js
D:\git\webgl\canvas\canvasWebgl\lighttool\spritebatcher.js
D:\git\webgl\canvas\canvasWebgl\app.js
D:\git\webgl\canvas\canvasWebgl\canvas\canvasAdapter_Native.js
D:\git\webgl\canvas\canvasWebgl\lighttool\canvas.js
D:\git\webgl\canvas\canvasWebgl\lighttool\resmgr.js
D:\git\webgl\canvas\canvasWebgl\lighttool\spritebatcher.js
D:\git\webgl\canvas\canvasWebgl\app.js
D:\git\webgl\canvas\canvasWebgl\canvas\canvasAdapter_Native.js
D:\git\webgl\canvas\canvasWebgl\lighttool\canvas.js
D:\git\webgl\canvas\canvasWebgl\lighttool\resmgr.js
D:\git\webgl\canvas\canvasWebgl\lighttool\spritebatcher.js
D:\git\webgl\canvas\canvasWebgl\app.js
D:\git\webgl\canvas\canvasWebgl\canvas\canvasAdapter_Native.js
D:\git\webgl\canvas\canvasWebgl\lighttool\canvas.js
D:\git\webgl\canvas\canvasWebgl\lighttool\resmgr.js
D:\git\webgl\canvas\canvasWebgl\lighttool\spritebatcher.js
D:\git\webgl\canvas\canvasWebgl\app.js
D:\git\webgl\canvas\canvasWebgl\canvas\canvasAdapter_Native.js
D:\git\webgl\canvas\canvasWebgl\lighttool\canvas.js
D:\git\webgl\canvas\canvasWebgl\lighttool\resmgr.js
D:\git\webgl\canvas\canvasWebgl\lighttool\spritebatcher.js
D:\git\webgl\canvas\canvasWebgl\app.js
D:\git\webgl\canvas\canvasWebgl\canvas\canvasAdapter_Native.js
D:\git\webgl\canvas\canvasWebgl\lighttool\canvas.js
D:\git\webgl\canvas\canvasWebgl\lighttool\resmgr.js
D:\git\webgl\canvas\canvasWebgl\lighttool\spritebatcher.js
D:\git\webgl\canvas\canvasWebgl\app.js
D:\git\webgl\canvas\canvasWebgl\canvas\canvasAdapter_Native.js
D:\git\webgl\canvas\canvasWebgl\lighttool\canvas.js
D:\git\webgl\canvas\canvasWebgl\lighttool\resmgr.js
D:\git\webgl\canvas\canvasWebgl\lighttool\spritebatcher.js
D:\git\webgl\canvas\canvasWebgl\app.js
D:\git\webgl\canvas\canvasWebgl\canvas\canvasAdapter_Native.js
D:\git\webgl\canvas\canvasWebgl\lighttool\canvas.js
D:\git\webgl\canvas\canvasWebgl\lighttool\resmgr.js
D:\git\webgl\canvas\canvasWebgl\lighttool\spritebatcher.js
D:\git\webgl\canvas\canvasWebgl\app.js
D:\git\webgl\canvas\canvasWebgl\canvas\canvasAdapter_Native.js
D:\git\webgl\canvas\canvasWebgl\lighttool\canvas.js
D:\git\webgl\canvas\canvasWebgl\lighttool\resmgr.js
D:\git\webgl\canvas\canvasWebgl\lighttool\spritebatcher.js
D:\git\webgl\canvas\canvasWebgl\app.js
D:\git\webgl\canvas\canvasWebgl\canvas\canvasAdapter_Native.js
D:\git\webgl\canvas\canvasWebgl\lighttool\canvas.js
D:\git\webgl\canvas\canvasWebgl\lighttool\resmgr.js
D:\git\webgl\canvas\canvasWebgl\lighttool\spritebatcher.js
D:\git\webgl\canvas\canvasWebgl\app.js
D:\git\webgl\canvas\canvasWebgl\canvas\canvasAdapter_Native.js
D:\git\webgl\canvas\canvasWebgl\lighttool\canvas.js
D:\git\webgl\canvas\canvasWebgl\lighttool\resmgr.js
D:\git\webgl\canvas\canvasWebgl\lighttool\spritebatcher.js
D:\git\webgl\canvas\canvasWebgl\app.js
D:\git\webgl\canvas\canvasWebgl\canvas\canvasAdapter_Native.js
D:\git\webgl\canvas\canvasWebgl\lighttool\canvas.js
D:\git\webgl\canvas\canvasWebgl\lighttool\resmgr.js
D:\git\webgl\canvas\canvasWebgl\lighttool\spritebatcher.js
D:\git\webgl\canvas\canvasWebgl\app.js
D:\git\webgl\canvas\canvasWebgl\canvas\canvasAdapter_Native.js
D:\git\webgl\canvas\canvasWebgl\lighttool\canvas.js
D:\git\webgl\canvas\canvasWebgl\lighttool\resmgr.js
D:\git\webgl\canvas\canvasWebgl\lighttool\spritebatcher.js
D:\git\webgl\canvas\canvasWebgl\app.js
D:\git\webgl\canvas\canvasWebgl\canvas\canvasAdapter_Native.js
D:\git\webgl\canvas\canvasWebgl\lighttool\canvas.js
D:\git\webgl\canvas\canvasWebgl\lighttool\resmgr.js
D:\git\webgl\canvas\canvasWebgl\lighttool\spritebatcher.js
D:\git\webgl\canvas\canvasWebgl\app.js
D:\git\webgl\canvas\canvasWebgl\canvas\canvasAdapter_Native.js
D:\git\webgl\canvas\canvasWebgl\lighttool\canvas.js
D:\git\webgl\canvas\canvasWebgl\lighttool\resmgr.js
D:\git\webgl\canvas\canvasWebgl\lighttool\spritebatcher.js
D:\git\webgl\canvas\canvasWebgl\app.js
D:\git\webgl\canvas\canvasWebgl\canvas\canvasAdapter_Native.js
D:\git\webgl\canvas\canvasWebgl\lighttool\canvas.js
D:\git\webgl\canvas\canvasWebgl\lighttool\resmgr.js
D:\git\webgl\canvas\canvasWebgl\lighttool\spritebatcher.js
D:\git\webgl\canvas\canvasWebgl\app.js
D:\git\webgl\canvas\canvasWebgl\canvas\canvasAdapter_Native.js
D:\git\webgl\canvas\canvasWebgl\lighttool\canvas.js
D:\git\webgl\canvas\canvasWebgl\lighttool\resmgr.js
D:\git\webgl\canvas\canvasWebgl\lighttool\spritebatcher.js
D:\git\webgl\canvas\canvasWebgl\app.js
D:\git\webgl\canvas\canvasWebgl\canvas\canvasAdapter_Native.js
D:\git\webgl\canvas\canvasWebgl\lighttool\canvas.js
D:\git\webgl\canvas\canvasWebgl\lighttool\resmgr.js
D:\git\webgl\canvas\canvasWebgl\lighttool\spritebatcher.js
D:\git\webgl\canvas\canvasWebgl\app.js
D:\git\webgl\canvas\canvasWebgl\canvas\canvasAdapter_Native.js
D:\git\webgl\canvas\canvasWebgl\lighttool\canvas.js
D:\git\webgl\canvas\canvasWebgl\lighttool\resmgr.js
D:\git\webgl\canvas\canvasWebgl\lighttool\spritebatcher.js
D:\git\webgl\canvas\canvasWebgl\app.js
D:\git\webgl\canvas\canvasWebgl\canvas\canvasAdapter_Native.js
D:\git\webgl\canvas\canvasWebgl\lighttool\canvas.js
D:\git\webgl\canvas\canvasWebgl\lighttool\resmgr.js
D:\git\webgl\canvas\canvasWebgl\lighttool\spritebatcher.js
D:\git\webgl\canvas\canvasWebgl\app.js
D:\git\webgl\canvas\canvasWebgl\canvas\canvasAdapter_Native.js
D:\git\webgl\canvas\canvasWebgl\lighttool\canvas.js
D:\git\webgl\canvas\canvasWebgl\lighttool\resmgr.js
D:\git\webgl\canvas\canvasWebgl\lighttool\spritebatcher.js
D:\git\webgl\canvas\canvasWebgl\app.js
D:\git\webgl\canvas\canvasWebgl\canvas\canvasAdapter_Native.js
D:\git\webgl\canvas\canvasWebgl\lighttool\canvas.js
D:\git\webgl\canvas\canvasWebgl\lighttool\resmgr.js
D:\git\webgl\canvas\canvasWebgl\lighttool\spritebatcher.js
D:\git\html2d\canvas\canvasWebgl\app.js
D:\git\html2d\canvas\canvasWebgl\canvas\canvasAdapter_Native.js
D:\git\html2d\canvas\canvasWebgl\lighttool\canvas.js
D:\git\html2d\canvas\canvasWebgl\lighttool\resmgr.js
D:\git\html2d\canvas\canvasWebgl\lighttool\spritebatcher.js
